<?xml version="1.0" encoding="UTF-8"?>
<testng-results ignored="0" total="1" passed="1" failed="0" skipped="0">
  <reporter-output>
  </reporter-output>
  <suite started-at="2020-10-07T19:16:15 EDT" name="HelloWorld_Vis.TestHelloWorld" finished-at="2020-10-07T19:16:15 EDT" duration-ms="42">
    <groups>
    </groups>
    <test started-at="2020-10-07T19:16:15 EDT" name="Command line test" finished-at="2020-10-07T19:16:15 EDT" duration-ms="42">
      <class name="HelloWorld_Vis.TestHelloWorld">
        <test-method signature="TestHelloWorld()[pri:0, instance:HelloWorld_Vis.TestHelloWorld@460d0a57]" started-at="2020-10-07T19:16:15 EDT" name="TestHelloWorld" finished-at="2020-10-07T19:16:15 EDT" duration-ms="5" status="PASS">
          <reporter-output>
          </reporter-output>
        </test-method> <!-- TestHelloWorld -->
      </class> <!-- HelloWorld_Vis.TestHelloWorld -->
    </test> <!-- Command line test -->
  </suite> <!-- HelloWorld_Vis.TestHelloWorld -->
</testng-results>
